[2024-02-23 18:44:10.639] [jointLog] [info] setting maxHashResizeThreads to 8
[2024-02-23 18:44:10.639] [jointLog] [info] Fragment incompatibility prior below threshold.  Incompatible fragments will be ignored.
[2024-02-23 18:44:10.639] [jointLog] [info] Usage of --validateMappings implies use of minScoreFraction. Since not explicitly specified, it is being set to 0.65
[2024-02-23 18:44:10.640] [jointLog] [info] Setting consensusSlack to selective-alignment default of 0.35.
[2024-02-23 18:44:10.640] [jointLog] [info] parsing read library format
[2024-02-23 18:44:10.640] [jointLog] [info] There is 1 library.
[2024-02-23 18:44:10.640] [jointLog] [info] Loading pufferfish index
[2024-02-23 18:44:10.640] [jointLog] [info] Loading dense pufferfish index.
[2024-02-23 18:44:11.664] [jointLog] [info] done
[2024-02-23 18:44:11.737] [jointLog] [info] Index contained 194,182 targets
[2024-02-23 18:44:13.851] [jointLog] [info] Number of decoys : 0
[2024-02-23 18:44:14.481] [jointLog] [info] Automatically detected most likely library type as ISR

[2024-02-23 18:51:30.192] [jointLog] [info] Thread saw mini-batch with a maximum of 1.78% zero probability fragments
[2024-02-23 18:51:30.215] [jointLog] [info] Thread saw mini-batch with a maximum of 1.82% zero probability fragments
[2024-02-23 18:51:30.298] [jointLog] [info] Thread saw mini-batch with a maximum of 1.82% zero probability fragments
[2024-02-23 18:51:30.505] [jointLog] [info] Thread saw mini-batch with a maximum of 1.94% zero probability fragments
[2024-02-23 18:51:30.561] [jointLog] [info] Thread saw mini-batch with a maximum of 1.84% zero probability fragments
[2024-02-23 18:51:30.586] [jointLog] [info] Thread saw mini-batch with a maximum of 1.92% zero probability fragments
[2024-02-23 18:51:30.662] [jointLog] [info] Thread saw mini-batch with a maximum of 1.84% zero probability fragments
[2024-02-23 18:51:30.670] [jointLog] [info] Thread saw mini-batch with a maximum of 1.94% zero probability fragments
[2024-02-23 18:51:31.130] [jointLog] [info] Computed 577,631 rich equivalence classes for further processing
[2024-02-23 18:51:31.130] [jointLog] [info] Counted 19,183,581 total reads in the equivalence classes 
[2024-02-23 18:51:31.139] [jointLog] [info] Number of mappings discarded because of alignment score : 46,799,078
[2024-02-23 18:51:31.139] [jointLog] [info] Number of fragments entirely discarded because of alignment score : 2,139,429
[2024-02-23 18:51:31.139] [jointLog] [info] Number of fragments discarded because they are best-mapped to decoys : 0
[2024-02-23 18:51:31.139] [jointLog] [info] Number of fragments discarded because they have only dovetail (discordant) mappings to valid targets : 5,475,567
[2024-02-23 18:51:31.139] [jointLog] [info] Mapping rate = 72.9261%

[2024-02-23 18:51:31.139] [jointLog] [info] finished quantifyLibrary()
[2024-02-23 18:51:31.139] [jointLog] [info] Starting optimizer
[2024-02-23 18:51:31.131] [fileLog] [info] 
At end of round 0
==================
Observed 26305498 total fragments (26305498 in most recent round)

[2024-02-23 18:51:40.533] [jointLog] [info] Marked 0 weighted equivalence classes as degenerate
[2024-02-23 18:51:40.549] [jointLog] [info] iteration = 0 | max rel diff. = 6077.99
[2024-02-23 18:51:40.718] [jointLog] [info] iteration 11, adjusting effective lengths to account for biases
[2024-02-23 18:53:23.387] [jointLog] [info] Computed expected counts (for bias correction)
[2024-02-23 18:53:23.387] [jointLog] [info] processed bias for 0.0% of the transcripts
[2024-02-23 18:53:33.890] [jointLog] [info] processed bias for 10.0% of the transcripts
[2024-02-23 18:53:44.372] [jointLog] [info] processed bias for 20.0% of the transcripts
[2024-02-23 18:53:55.607] [jointLog] [info] processed bias for 30.0% of the transcripts
[2024-02-23 18:54:07.419] [jointLog] [info] processed bias for 40.0% of the transcripts
[2024-02-23 18:54:17.287] [jointLog] [info] processed bias for 50.0% of the transcripts
[2024-02-23 18:54:24.476] [jointLog] [info] processed bias for 60.0% of the transcripts
[2024-02-23 18:54:34.440] [jointLog] [info] processed bias for 70.0% of the transcripts
[2024-02-23 18:54:45.359] [jointLog] [info] processed bias for 80.0% of the transcripts
[2024-02-23 18:54:57.282] [jointLog] [info] processed bias for 90.0% of the transcripts
[2024-02-23 18:55:09.641] [jointLog] [info] processed bias for 100.0% of the transcripts
[2024-02-23 18:55:11.539] [jointLog] [info] iteration = 100 | max rel diff. = 19.0351
[2024-02-23 18:55:13.603] [jointLog] [info] iteration = 200 | max rel diff. = 19.2924
[2024-02-23 18:55:15.667] [jointLog] [info] iteration = 300 | max rel diff. = 5.29918
[2024-02-23 18:55:17.746] [jointLog] [info] iteration = 400 | max rel diff. = 3.13983
[2024-02-23 18:55:19.810] [jointLog] [info] iteration = 500 | max rel diff. = 1.51513
[2024-02-23 18:55:21.874] [jointLog] [info] iteration = 600 | max rel diff. = 14.7266
[2024-02-23 18:55:23.954] [jointLog] [info] iteration = 700 | max rel diff. = 0.840863
[2024-02-23 18:55:26.228] [jointLog] [info] iteration = 800 | max rel diff. = 0.196857
[2024-02-23 18:55:28.558] [jointLog] [info] iteration = 900 | max rel diff. = 0.176138
[2024-02-23 18:55:30.644] [jointLog] [info] iteration = 1,000 | max rel diff. = 0.0897358
[2024-02-23 18:55:32.729] [jointLog] [info] iteration = 1,100 | max rel diff. = 0.511116
[2024-02-23 18:55:34.816] [jointLog] [info] iteration = 1,200 | max rel diff. = 0.587709
[2024-02-23 18:55:36.902] [jointLog] [info] iteration = 1,300 | max rel diff. = 11.0984
[2024-02-23 18:55:37.006] [jointLog] [info] iteration = 1,306 | max rel diff. = 0.00873112
[2024-02-23 18:55:37.014] [jointLog] [info] Finished optimizer
[2024-02-23 18:55:37.014] [jointLog] [info] writing output 

