[2024-02-23 19:24:04.857] [jointLog] [info] setting maxHashResizeThreads to 8
[2024-02-23 19:24:04.857] [jointLog] [info] Fragment incompatibility prior below threshold.  Incompatible fragments will be ignored.
[2024-02-23 19:24:04.857] [jointLog] [info] Usage of --validateMappings implies use of minScoreFraction. Since not explicitly specified, it is being set to 0.65
[2024-02-23 19:24:04.857] [jointLog] [info] Setting consensusSlack to selective-alignment default of 0.35.
[2024-02-23 19:24:04.857] [jointLog] [info] parsing read library format
[2024-02-23 19:24:04.857] [jointLog] [info] There is 1 library.
[2024-02-23 19:24:04.858] [jointLog] [info] Loading pufferfish index
[2024-02-23 19:24:04.858] [jointLog] [info] Loading dense pufferfish index.
[2024-02-23 19:24:05.846] [jointLog] [info] done
[2024-02-23 19:24:05.915] [jointLog] [info] Index contained 194,182 targets
[2024-02-23 19:24:07.979] [jointLog] [info] Number of decoys : 0
[2024-02-23 19:24:08.561] [jointLog] [info] Automatically detected most likely library type as ISR

[2024-02-23 19:33:36.251] [jointLog] [info] Thread saw mini-batch with a maximum of 1.28% zero probability fragments
[2024-02-23 19:33:36.274] [jointLog] [info] Thread saw mini-batch with a maximum of 1.26% zero probability fragments
[2024-02-23 19:33:36.349] [jointLog] [info] Thread saw mini-batch with a maximum of 1.24% zero probability fragments
[2024-02-23 19:33:36.433] [jointLog] [info] Thread saw mini-batch with a maximum of 1.34% zero probability fragments
[2024-02-23 19:33:36.450] [jointLog] [info] Thread saw mini-batch with a maximum of 1.24% zero probability fragments
[2024-02-23 19:33:36.517] [jointLog] [info] Thread saw mini-batch with a maximum of 1.30% zero probability fragments
[2024-02-23 19:33:36.620] [jointLog] [info] Thread saw mini-batch with a maximum of 1.34% zero probability fragments
[2024-02-23 19:33:36.668] [jointLog] [info] Thread saw mini-batch with a maximum of 1.34% zero probability fragments
[2024-02-23 19:33:37.139] [fileLog] [info] 
At end of round 0
==================
Observed 39241895 total fragments (39241895 in most recent round)

[2024-02-23 19:33:37.138] [jointLog] [info] Computed 627,021 rich equivalence classes for further processing
[2024-02-23 19:33:37.138] [jointLog] [info] Counted 33,002,529 total reads in the equivalence classes 
[2024-02-23 19:33:37.144] [jointLog] [info] Number of mappings discarded because of alignment score : 51,542,067
[2024-02-23 19:33:37.144] [jointLog] [info] Number of fragments entirely discarded because of alignment score : 2,267,687
[2024-02-23 19:33:37.144] [jointLog] [info] Number of fragments discarded because they are best-mapped to decoys : 0
[2024-02-23 19:33:37.144] [jointLog] [info] Number of fragments discarded because they have only dovetail (discordant) mappings to valid targets : 7,371,489
[2024-02-23 19:33:37.144] [jointLog] [info] Mapping rate = 84.1002%

[2024-02-23 19:33:37.144] [jointLog] [info] finished quantifyLibrary()
[2024-02-23 19:33:37.144] [jointLog] [info] Starting optimizer
[2024-02-23 19:33:37.264] [jointLog] [info] Marked 0 weighted equivalence classes as degenerate
[2024-02-23 19:33:37.286] [jointLog] [info] iteration = 0 | max rel diff. = 5766.36
[2024-02-23 19:33:37.509] [jointLog] [info] iteration 11, adjusting effective lengths to account for biases
[2024-02-23 19:35:18.381] [jointLog] [info] Computed expected counts (for bias correction)
[2024-02-23 19:35:18.381] [jointLog] [info] processed bias for 0.0% of the transcripts
[2024-02-23 19:35:29.095] [jointLog] [info] processed bias for 10.0% of the transcripts
[2024-02-23 19:35:40.477] [jointLog] [info] processed bias for 20.0% of the transcripts
[2024-02-23 19:35:51.759] [jointLog] [info] processed bias for 30.0% of the transcripts
[2024-02-23 19:35:58.979] [jointLog] [info] processed bias for 40.0% of the transcripts
[2024-02-23 19:36:04.981] [jointLog] [info] processed bias for 50.0% of the transcripts
[2024-02-23 19:36:16.256] [jointLog] [info] processed bias for 60.0% of the transcripts
[2024-02-23 19:36:26.924] [jointLog] [info] processed bias for 70.0% of the transcripts
[2024-02-23 19:36:38.520] [jointLog] [info] processed bias for 80.0% of the transcripts
[2024-02-23 19:36:49.624] [jointLog] [info] processed bias for 90.0% of the transcripts
[2024-02-23 19:36:59.189] [jointLog] [info] processed bias for 100.0% of the transcripts
[2024-02-23 19:37:01.197] [jointLog] [info] iteration = 100 | max rel diff. = 14.7364
[2024-02-23 19:37:03.395] [jointLog] [info] iteration = 200 | max rel diff. = 11.6517
[2024-02-23 19:37:05.594] [jointLog] [info] iteration = 300 | max rel diff. = 3.27228
[2024-02-23 19:37:07.793] [jointLog] [info] iteration = 400 | max rel diff. = 0.812682
[2024-02-23 19:37:09.986] [jointLog] [info] iteration = 500 | max rel diff. = 3.63953
[2024-02-23 19:37:12.183] [jointLog] [info] iteration = 600 | max rel diff. = 0.170178
[2024-02-23 19:37:14.388] [jointLog] [info] iteration = 700 | max rel diff. = 0.619593
[2024-02-23 19:37:16.585] [jointLog] [info] iteration = 800 | max rel diff. = 0.26274
[2024-02-23 19:37:18.791] [jointLog] [info] iteration = 900 | max rel diff. = 0.652638
[2024-02-23 19:37:20.983] [jointLog] [info] iteration = 1,000 | max rel diff. = 7.83137
[2024-02-23 19:37:23.180] [jointLog] [info] iteration = 1,100 | max rel diff. = 1.39079
[2024-02-23 19:37:25.385] [jointLog] [info] iteration = 1,200 | max rel diff. = 0.298535
[2024-02-23 19:37:27.586] [jointLog] [info] iteration = 1,300 | max rel diff. = 1.03266
[2024-02-23 19:37:29.783] [jointLog] [info] iteration = 1,400 | max rel diff. = 1.07552
[2024-02-23 19:37:31.976] [jointLog] [info] iteration = 1,500 | max rel diff. = 0.158408
[2024-02-23 19:37:34.189] [jointLog] [info] iteration = 1,600 | max rel diff. = 0.0251546
[2024-02-23 19:37:36.381] [jointLog] [info] iteration = 1,700 | max rel diff. = 0.0192142
[2024-02-23 19:37:38.575] [jointLog] [info] iteration = 1,800 | max rel diff. = 0.0204453
[2024-02-23 19:37:40.787] [jointLog] [info] iteration = 1,900 | max rel diff. = 0.309529
[2024-02-23 19:37:40.875] [jointLog] [info] iteration = 1,905 | max rel diff. = 0.00967716
[2024-02-23 19:37:40.883] [jointLog] [info] Finished optimizer
[2024-02-23 19:37:40.883] [jointLog] [info] writing output 

